<?xml version="1.0" encoding="UTF-8"?>
<testsuites>
  <testsuite name="CodeIgniter Application Test Suite" tests="4" assertions="4" errors="0" failures="0" skipped="0" time="0.029036">
    <testsuite name="Welcome_test" file="/var/www/cicd-testing-be/application/tests/controllers/Welcome_test.php" tests="4" assertions="4" errors="0" failures="0" skipped="0" time="0.029036">
      <testcase name="test_index" class="Welcome_test" classname="Welcome_test" file="/var/www/cicd-testing-be/application/tests/controllers/Welcome_test.php" line="13" assertions="1" time="0.009463"/>
      <testcase name="test_method_404" class="Welcome_test" classname="Welcome_test" file="/var/www/cicd-testing-be/application/tests/controllers/Welcome_test.php" line="19" assertions="1" time="0.008404"/>
      <testcase name="test_method_nuevo" class="Welcome_test" classname="Welcome_test" file="/var/www/cicd-testing-be/application/tests/controllers/Welcome_test.php" line="25" assertions="1" time="0.007421"/>
      <testcase name="test_APPPATH" class="Welcome_test" classname="Welcome_test" file="/var/www/cicd-testing-be/application/tests/controllers/Welcome_test.php" line="30" assertions="1" time="0.003748"/>
    </testsuite>
  </testsuite>
</testsuites>
